<?xml version="1.0" encoding="UTF-8"?>
<!-- Generated by org.testng.reporters.JUnitReportReporter -->
<testsuite hostname="LAPTOP-UD4LBO6R" failures="0" tests="3" name="testPackages.Day3" time="0.014" errors="0" timestamp="2020-05-01T03:09:05 PDT" skipped="0">
  <testcase classname="testPackages.Day3" name="loginAPICarLoan" time="0.011"/>
  <system-out/>
  <testcase classname="testPackages.Day3" name="mobileloginCarLoan" time="0.001"/>
  <system-out/>
  <testcase classname="testPackages.Day3" name="webloginCarLoan" time="0.002"/>
  <system-out/>
</testsuite> <!-- testPackages.Day3 -->
